<?xml version="1.0" encoding="UTF-8"?>
<testsuite xmlns:xsi="http://www.w3.org/2001/XMLSchema-instance" xsi:noNamespaceSchemaLocation="https://maven.apache.org/surefire/maven-surefire-plugin/xsd/surefire-test-report.xsd" name="sovellus.SaastolaskuriTest" time="47.318" tests="7" errors="0" skipped="0" failures="2">
  <properties>
    <property name="sun.desktop" value="windows"/>
    <property name="awt.toolkit" value="sun.awt.windows.WToolkit"/>
    <property name="file.encoding.pkg" value="sun.io"/>
    <property name="java.specification.version" value="1.8"/>
    <property name="sun.cpu.isalist" value="amd64"/>
    <property name="sun.jnu.encoding" value="Cp1252"/>
    <property name="java.class.path" value="C:\Users\ottol\OneDrive\Tiedostot\NetBeansProjects\mooc-2019-ohjelmointi\osa13-Osa13_03.Saastolaskuri\target\test-classes;C:\Users\ottol\OneDrive\Tiedostot\NetBeansProjects\mooc-2019-ohjelmointi\osa13-Osa13_03.Saastolaskuri\target\classes;C:\Users\ottol\.m2\repository\junit\junit\4.12\junit-4.12.jar;C:\Users\ottol\.m2\repository\org\hamcrest\hamcrest-core\1.3\hamcrest-core-1.3.jar;C:\Users\ottol\.m2\repository\fi\helsinki\cs\tmc\edu-test-utils\0.4.2\edu-test-utils-0.4.2.jar;C:\Users\ottol\.m2\repository\org\testfx\testfx-junit\4.0.15-alpha\testfx-junit-4.0.15-alpha.jar;C:\Users\ottol\.m2\repository\org\testfx\testfx-core\4.0.15-alpha\testfx-core-4.0.15-alpha.jar;C:\Users\ottol\.m2\repository\org\assertj\assertj-core\3.11.1\assertj-core-3.11.1.jar;C:\Users\ottol\.m2\repository\org\testfx\openjfx-monocle\8u76-b04\openjfx-monocle-8u76-b04.jar;"/>
    <property name="java.vm.vendor" value="Oracle Corporation"/>
    <property name="sun.arch.data.model" value="64"/>
    <property name="user.variant" value=""/>
    <property name="java.vendor.url" value="http://java.oracle.com/"/>
    <property name="user.timezone" value="Europe/Helsinki"/>
    <property name="java.vm.specification.version" value="1.8"/>
    <property name="os.name" value="Windows 10"/>
    <property name="sun.java.launcher" value="SUN_STANDARD"/>
    <property name="user.country" value="US"/>
    <property name="sun.boot.library.path" value="C:\Program Files\Java\jdk1.8.0_191\jre\bin"/>
    <property name="sun.java.command" value="C:\Users\ottol\AppData\Local\Temp\surefire6190453317652721033\surefirebooter5100860728808175045.jar C:\Users\ottol\AppData\Local\Temp\surefire6190453317652721033 2019-04-19T03-34-42_649-jvmRun1 surefire6338734245506065538tmp surefire_01591263562563686963tmp"/>
    <property name="surefire.test.class.path" value="C:\Users\ottol\OneDrive\Tiedostot\NetBeansProjects\mooc-2019-ohjelmointi\osa13-Osa13_03.Saastolaskuri\target\test-classes;C:\Users\ottol\OneDrive\Tiedostot\NetBeansProjects\mooc-2019-ohjelmointi\osa13-Osa13_03.Saastolaskuri\target\classes;C:\Users\ottol\.m2\repository\junit\junit\4.12\junit-4.12.jar;C:\Users\ottol\.m2\repository\org\hamcrest\hamcrest-core\1.3\hamcrest-core-1.3.jar;C:\Users\ottol\.m2\repository\fi\helsinki\cs\tmc\edu-test-utils\0.4.2\edu-test-utils-0.4.2.jar;C:\Users\ottol\.m2\repository\org\testfx\testfx-junit\4.0.15-alpha\testfx-junit-4.0.15-alpha.jar;C:\Users\ottol\.m2\repository\org\testfx\testfx-core\4.0.15-alpha\testfx-core-4.0.15-alpha.jar;C:\Users\ottol\.m2\repository\org\assertj\assertj-core\3.11.1\assertj-core-3.11.1.jar;C:\Users\ottol\.m2\repository\org\testfx\openjfx-monocle\8u76-b04\openjfx-monocle-8u76-b04.jar;"/>
    <property name="sun.cpu.endian" value="little"/>
    <property name="user.home" value="C:\Users\ottol"/>
    <property name="user.language" value="en"/>
    <property name="java.specification.vendor" value="Oracle Corporation"/>
    <property name="java.home" value="C:\Program Files\Java\jdk1.8.0_191\jre"/>
    <property name="basedir" value="C:\Users\ottol\OneDrive\Tiedostot\NetBeansProjects\mooc-2019-ohjelmointi\osa13-Osa13_03.Saastolaskuri"/>
    <property name="file.separator" value="\"/>
    <property name="line.separator" value="&#10;"/>
    <property name="java.vm.specification.vendor" value="Oracle Corporation"/>
    <property name="java.specification.name" value="Java Platform API Specification"/>
    <property name="java.awt.graphicsenv" value="sun.awt.Win32GraphicsEnvironment"/>
    <property name="surefire.real.class.path" value="C:\Users\ottol\AppData\Local\Temp\surefire6190453317652721033\surefirebooter5100860728808175045.jar"/>
    <property name="jdk.net.URLClassPath.disableClassPathURLCheck" value="true"/>
    <property name="sun.boot.class.path" value="C:\Program Files\Java\jdk1.8.0_191\jre\lib\resources.jar;C:\Program Files\Java\jdk1.8.0_191\jre\lib\rt.jar;C:\Program Files\Java\jdk1.8.0_191\jre\lib\sunrsasign.jar;C:\Program Files\Java\jdk1.8.0_191\jre\lib\jsse.jar;C:\Program Files\Java\jdk1.8.0_191\jre\lib\jce.jar;C:\Program Files\Java\jdk1.8.0_191\jre\lib\charsets.jar;C:\Program Files\Java\jdk1.8.0_191\jre\lib\jfr.jar;C:\Program Files\Java\jdk1.8.0_191\jre\classes"/>
    <property name="user.script" value=""/>
    <property name="sun.management.compiler" value="HotSpot 64-Bit Tiered Compilers"/>
    <property name="java.runtime.version" value="1.8.0_191-b12"/>
    <property name="user.name" value="ottol"/>
    <property name="path.separator" value=";"/>
    <property name="os.version" value="10.0"/>
    <property name="java.endorsed.dirs" value="C:\Program Files\Java\jdk1.8.0_191\jre\lib\endorsed"/>
    <property name="java.runtime.name" value="Java(TM) SE Runtime Environment"/>
    <property name="file.encoding" value="UTF-8"/>
    <property name="java.vm.name" value="Java HotSpot(TM) 64-Bit Server VM"/>
    <property name="maven.ext.class.path" value="C:\Program Files\tmcbeans\java\maven-nblib\netbeans-eventspy.jar"/>
    <property name="localRepository" value="C:\Users\ottol\.m2\repository"/>
    <property name="java.vendor.url.bug" value="http://bugreport.sun.com/bugreport/"/>
    <property name="java.io.tmpdir" value="C:\Users\ottol\AppData\Local\Temp\"/>
    <property name="java.version" value="1.8.0_191"/>
    <property name="user.dir" value="C:\Users\ottol\OneDrive\Tiedostot\NetBeansProjects\mooc-2019-ohjelmointi\osa13-Osa13_03.Saastolaskuri"/>
    <property name="os.arch" value="amd64"/>
    <property name="java.vm.specification.name" value="Java Virtual Machine Specification"/>
    <property name="java.awt.printerjob" value="sun.awt.windows.WPrinterJob"/>
    <property name="sun.os.patch.level" value=""/>
    <property name="java.library.path" value="C:\Program Files\Java\jdk1.8.0_191\jre\bin;C:\WINDOWS\Sun\Java\bin;C:\WINDOWS\system32;C:\WINDOWS;C:\Program Files (x86)\Common Files\Oracle\Java\javapath;C:\Program Files (x86)\Intel\iCLS Client\;C:\Program Files\Intel\iCLS Client\;C:\WINDOWS\system32;C:\WINDOWS;C:\WINDOWS\System32\Wbem;C:\WINDOWS\System32\WindowsPowerShell\v1.0\;C:\Program Files (x86)\Intel\Intel(R) Management Engine Components\DAL;C:\Program Files\Intel\Intel(R) Management Engine Components\DAL;C:\Program Files (x86)\Intel\Intel(R) Management Engine Components\IPT;C:\Program Files\Intel\Intel(R) Management Engine Components\IPT;C:\Users\ottol\AppData\Local\Programs\Python\Python35-32\Scripts;C:\Program Files\Intel\WiFi\bin\;C:\Program Files\Common Files\Intel\WirelessCommon\;C:\Program Files (x86)\Skype\Phone\;C:\Program Files\Git\cmd;C:\WINDOWS\System32\OpenSSH\;C:\ProgramData\chocolatey\bin;C:\Program Files\nodejs\;C:\Users\ottol\AppData\Local\Programs\Python\Python37-32\Scripts\;C:\Users\ottol\AppData\Local\Programs\Python\Python37-32\;C:\Users\ottol\AppData\Local\Programs\Python\Python35\Scripts\;C:\Users\ottol\AppData\Local\Programs\Python\Python35\;C:\Users\ottol\AppData\Local\Microsoft\WindowsApps;C:\Users\ottol\AppData\Local\.meteor\;C:\Users\ottol\AppData\Roaming\npm;C:\Users\ottol\AppData\Local\atom\bin;C:\Users\ottol\AppData\Local\Programs\Microsoft VS Code\bin;."/>
    <property name="java.vm.info" value="mixed mode"/>
    <property name="java.vendor" value="Oracle Corporation"/>
    <property name="java.vm.version" value="25.191-b12"/>
    <property name="java.ext.dirs" value="C:\Program Files\Java\jdk1.8.0_191\jre\lib\ext;C:\WINDOWS\Sun\Java\lib\ext"/>
    <property name="sun.io.unicode.encoding" value="UnicodeLittle"/>
    <property name="java.class.version" value="52.0"/>
  </properties>
  <testcase name="tallennuksenKertymanLaskeminenMinimiarvolla" classname="sovellus.SaastolaskuriTest" time="5.67">
    <failure message="Kertymän näyttö ei ole oikein kun tallennuksen kertymistä tarkastellaan kuukausittaisella minimitallennuksella (25 / kk)." type="java.lang.AssertionError">java.lang.AssertionError: Kertymän näyttö ei ole oikein kun tallennuksen kertymistä tarkastellaan kuukausittaisella minimitallennuksella (25 / kk).
	at sovellus.SaastolaskuriTest.tarkasteleKaavionViivoja(SaastolaskuriTest.java:334)
	at sovellus.SaastolaskuriTest.tallennuksenKertymanLaskeminenMinimiarvolla(SaastolaskuriTest.java:221)
</failure>
    <system-out><![CDATA[25.0
300.0
]]></system-out>
  </testcase>
  <testcase name="tallennuksenKertymanLaskeminenMaksimiarvolla" classname="sovellus.SaastolaskuriTest" time="16.655">
    <failure message="Kertymän näyttö ei ole oikein kun tallennuksen kertymistä tarkastellaan kuukausittaisella maksimitallennuksella (250 / kk)." type="java.lang.AssertionError">java.lang.AssertionError: Kertymän näyttö ei ole oikein kun tallennuksen kertymistä tarkastellaan kuukausittaisella maksimitallennuksella (250 / kk).
	at sovellus.SaastolaskuriTest.tarkasteleKaavionViivoja(SaastolaskuriTest.java:334)
	at sovellus.SaastolaskuriTest.tallennuksenKertymanLaskeminenMaksimiarvolla(SaastolaskuriTest.java:233)
</failure>
    <system-out><![CDATA[25.0
300.0
]]></system-out>
  </testcase>
  <testcase name="koronLaskeminenMaksimitalletuksellaJaMaksimiKorolla" classname="sovellus.SaastolaskuriTest" time="18.483"/>
  <testcase name="kayttoliittymanYlaosaTest" classname="sovellus.SaastolaskuriTest" time="0.401"/>
  <testcase name="kayttoliittymanPaaAsettelunaBorderPaneTest" classname="sovellus.SaastolaskuriTest" time="0.415"/>
  <testcase name="koronLaskeminenMinimitalletuksellaJaMaksimiKorolla" classname="sovellus.SaastolaskuriTest" time="4.987"/>
  <testcase name="kayttoliittymanViivakaavioTest" classname="sovellus.SaastolaskuriTest" time="0.386"/>
</testsuite>